

Started GET "/assets/rails.png" for 127.0.0.1 at 2013-09-30 18:56:57 -0700
Connecting to database specified by database.yml
Served asset /rails.png - 304 Not Modified (268ms)


Started GET "/movies" for 127.0.0.1 at 2013-09-30 18:57:00 -0700
Processing by MoviesController#index as HTML
Completed 500 Internal Server Error in 2ms

ActiveRecord::StatementInvalid (Could not find table 'movies'):
  app/controllers/movies_controller.rb:10:in `index'


  Rendered /home/saasbook/.rvm/gems/ruby-1.9.3-p448/gems/actionpack-3.2.14/lib/action_dispatch/middleware/templates/rescues/_trace.erb (7.2ms)
  Rendered /home/saasbook/.rvm/gems/ruby-1.9.3-p448/gems/actionpack-3.2.14/lib/action_dispatch/middleware/templates/rescues/_request_and_response.erb (1.9ms)
  Rendered /home/saasbook/.rvm/gems/ruby-1.9.3-p448/gems/actionpack-3.2.14/lib/action_dispatch/middleware/templates/rescues/diagnostics.erb within rescues/layout (209.4ms)
Connecting to database specified by database.yml
Connecting to database specified by database.yml
  [1m[36m (0.2ms)[0m  [1mselect sqlite_version(*)[0m
  [1m[35m (56.2ms)[0m  CREATE TABLE "schema_migrations" ("version" varchar(255) NOT NULL) 
  [1m[36m (37.0ms)[0m  [1mCREATE UNIQUE INDEX "unique_schema_migrations" ON "schema_migrations" ("version")[0m
  [1m[35m (15.7ms)[0m  SELECT "schema_migrations"."version" FROM "schema_migrations" 
Migrating to CreateMovies (20111119180638)
  [1m[36m (0.1ms)[0m  [1mbegin transaction[0m
  [1m[35m (7.9ms)[0m  CREATE TABLE "movies" ("id" INTEGER PRIMARY KEY AUTOINCREMENT NOT NULL, "title" varchar(255), "rating" varchar(255), "description" text, "release_date" datetime, "created_at" datetime NOT NULL, "updated_at" datetime NOT NULL) 
  [1m[36m (1.2ms)[0m  [1mINSERT INTO "schema_migrations" ("version") VALUES ('20111119180638')[0m
  [1m[35m (1.9ms)[0m  commit transaction
  [1m[36m (1.5ms)[0m  [1mSELECT "schema_migrations"."version" FROM "schema_migrations" [0m


Started GET "/assets/rails.png" for 127.0.0.1 at 2013-10-28 21:09:14 +0000
Connecting to database specified by database.yml
Served asset /rails.png - 304 Not Modified (4ms)
Connecting to database specified by database.yml


Started GET "/movies" for 127.0.0.1 at 2013-10-29 07:25:16 +0000
Connecting to database specified by database.yml
Processing by MoviesController#index as HTML
  [1m[36mMovie Load (0.2ms)[0m  [1mSELECT "movies".* FROM "movies" [0m
  Rendered movies/index.html.haml within layouts/application (6.4ms)
Compiled application.css  (0ms)  (pid 14585)
Compiled jquery.js  (47ms)  (pid 14585)
Compiled jquery_ujs.js  (1ms)  (pid 14585)
Compiled application.js  (68ms)  (pid 14585)
Completed 200 OK in 118ms (Views: 110.4ms | ActiveRecord: 0.2ms)


Started GET "/assets/jquery.js?body=1" for 127.0.0.1 at 2013-10-29 07:25:17 +0000
Served asset /jquery.js - 304 Not Modified (14ms)


Started GET "/assets/jquery_ujs.js?body=1" for 127.0.0.1 at 2013-10-29 07:25:17 +0000
Served asset /jquery_ujs.js - 304 Not Modified (3ms)


Started GET "/movies" for 127.0.0.1 at 2013-10-29 07:27:34 +0000
Processing by MoviesController#index as HTML
  [1m[35mMovie Load (0.2ms)[0m  SELECT "movies".* FROM "movies" 
  Rendered movies/index.html.haml within layouts/application (1.0ms)
Completed 200 OK in 6ms (Views: 4.8ms | ActiveRecord: 0.2ms)


Started GET "/assets/jquery_ujs.js?body=1" for 127.0.0.1 at 2013-10-29 07:27:34 +0000
Served asset /jquery_ujs.js - 304 Not Modified (0ms)


Started GET "/assets/jquery.js?body=1" for 127.0.0.1 at 2013-10-29 07:27:34 +0000
Served asset /jquery.js - 304 Not Modified (0ms)
Connecting to database specified by database.yml
  [1m[36m (1.7ms)[0m  [1mselect sqlite_version(*)[0m
  [1m[35m (1.4ms)[0m  DROP TABLE "movies"
  [1m[36m (0.9ms)[0m  [1mCREATE TABLE "movies" ("id" INTEGER PRIMARY KEY AUTOINCREMENT NOT NULL, "title" varchar(255), "rating" varchar(255), "description" text, "release_date" datetime, "created_at" datetime NOT NULL, "updated_at" datetime NOT NULL) [0m
  [1m[35m (0.1ms)[0m  SELECT version FROM "schema_migrations"
  [1m[36m (0.1ms)[0m  [1mSELECT "schema_migrations"."version" FROM "schema_migrations" [0m
  [1m[35m (0.1ms)[0m  begin transaction
  [1m[36mSQL (5.2ms)[0m  [1mINSERT INTO "movies" ("created_at", "description", "rating", "release_date", "title", "updated_at") VALUES (?, ?, ?, ?, ?, ?)[0m  [["created_at", Tue, 29 Oct 2013 07:28:14 UTC +00:00], ["description", nil], ["rating", "G"], ["release_date", Wed, 25 Nov 1992 00:00:00 UTC +00:00], ["title", "Aladdin"], ["updated_at", Tue, 29 Oct 2013 07:28:14 UTC +00:00]]
  [1m[35m (0.6ms)[0m  commit transaction
  [1m[36m (0.1ms)[0m  [1mbegin transaction[0m
  [1m[35mSQL (0.6ms)[0m  INSERT INTO "movies" ("created_at", "description", "rating", "release_date", "title", "updated_at") VALUES (?, ?, ?, ?, ?, ?)  [["created_at", Tue, 29 Oct 2013 07:28:14 UTC +00:00], ["description", nil], ["rating", "R"], ["release_date", Fri, 26 Oct 1984 00:00:00 UTC +00:00], ["title", "The Terminator"], ["updated_at", Tue, 29 Oct 2013 07:28:14 UTC +00:00]]
  [1m[36m (0.5ms)[0m  [1mcommit transaction[0m
  [1m[35m (0.1ms)[0m  begin transaction
  [1m[36mSQL (0.5ms)[0m  [1mINSERT INTO "movies" ("created_at", "description", "rating", "release_date", "title", "updated_at") VALUES (?, ?, ?, ?, ?, ?)[0m  [["created_at", Tue, 29 Oct 2013 07:28:14 UTC +00:00], ["description", nil], ["rating", "R"], ["release_date", Fri, 21 Jul 1989 00:00:00 UTC +00:00], ["title", "When Harry Met Sally"], ["updated_at", Tue, 29 Oct 2013 07:28:14 UTC +00:00]]
  [1m[35m (0.5ms)[0m  commit transaction
  [1m[36m (0.1ms)[0m  [1mbegin transaction[0m
  [1m[35mSQL (0.6ms)[0m  INSERT INTO "movies" ("created_at", "description", "rating", "release_date", "title", "updated_at") VALUES (?, ?, ?, ?, ?, ?)  [["created_at", Tue, 29 Oct 2013 07:28:14 UTC +00:00], ["description", nil], ["rating", "PG-13"], ["release_date", Wed, 10 Aug 2011 00:00:00 UTC +00:00], ["title", "The Help"], ["updated_at", Tue, 29 Oct 2013 07:28:14 UTC +00:00]]
  [1m[36m (0.5ms)[0m  [1mcommit transaction[0m
  [1m[35m (0.1ms)[0m  begin transaction
  [1m[36mSQL (0.4ms)[0m  [1mINSERT INTO "movies" ("created_at", "description", "rating", "release_date", "title", "updated_at") VALUES (?, ?, ?, ?, ?, ?)[0m  [["created_at", Tue, 29 Oct 2013 07:28:14 UTC +00:00], ["description", nil], ["rating", "PG-13"], ["release_date", Fri, 05 Jan 2001 00:00:00 UTC +00:00], ["title", "Chocolat"], ["updated_at", Tue, 29 Oct 2013 07:28:14 UTC +00:00]]
  [1m[35m (0.6ms)[0m  commit transaction
  [1m[36m (0.1ms)[0m  [1mbegin transaction[0m
  [1m[35mSQL (0.5ms)[0m  INSERT INTO "movies" ("created_at", "description", "rating", "release_date", "title", "updated_at") VALUES (?, ?, ?, ?, ?, ?)  [["created_at", Tue, 29 Oct 2013 07:28:14 UTC +00:00], ["description", nil], ["rating", "R"], ["release_date", Wed, 25 Apr 2001 00:00:00 UTC +00:00], ["title", "Amelie"], ["updated_at", Tue, 29 Oct 2013 07:28:14 UTC +00:00]]
  [1m[36m (0.5ms)[0m  [1mcommit transaction[0m
  [1m[35m (0.1ms)[0m  begin transaction
  [1m[36mSQL (0.5ms)[0m  [1mINSERT INTO "movies" ("created_at", "description", "rating", "release_date", "title", "updated_at") VALUES (?, ?, ?, ?, ?, ?)[0m  [["created_at", Tue, 29 Oct 2013 07:28:14 UTC +00:00], ["description", nil], ["rating", "G"], ["release_date", Sat, 06 Apr 1968 00:00:00 UTC +00:00], ["title", "2001: A Space Odyssey"], ["updated_at", Tue, 29 Oct 2013 07:28:14 UTC +00:00]]
  [1m[35m (0.7ms)[0m  commit transaction
  [1m[36m (0.1ms)[0m  [1mbegin transaction[0m
  [1m[35mSQL (0.4ms)[0m  INSERT INTO "movies" ("created_at", "description", "rating", "release_date", "title", "updated_at") VALUES (?, ?, ?, ?, ?, ?)  [["created_at", Tue, 29 Oct 2013 07:28:14 UTC +00:00], ["description", nil], ["rating", "PG"], ["release_date", Fri, 05 Nov 2004 00:00:00 UTC +00:00], ["title", "The Incredibles"], ["updated_at", Tue, 29 Oct 2013 07:28:14 UTC +00:00]]
  [1m[36m (0.4ms)[0m  [1mcommit transaction[0m
  [1m[35m (0.1ms)[0m  begin transaction
  [1m[36mSQL (0.4ms)[0m  [1mINSERT INTO "movies" ("created_at", "description", "rating", "release_date", "title", "updated_at") VALUES (?, ?, ?, ?, ?, ?)[0m  [["created_at", Tue, 29 Oct 2013 07:28:14 UTC +00:00], ["description", nil], ["rating", "PG"], ["release_date", Fri, 12 Jun 1981 00:00:00 UTC +00:00], ["title", "Raiders of the Lost Ark"], ["updated_at", Tue, 29 Oct 2013 07:28:14 UTC +00:00]]
  [1m[35m (0.5ms)[0m  commit transaction
  [1m[36m (0.1ms)[0m  [1mbegin transaction[0m
  [1m[35mSQL (0.6ms)[0m  INSERT INTO "movies" ("created_at", "description", "rating", "release_date", "title", "updated_at") VALUES (?, ?, ?, ?, ?, ?)  [["created_at", Tue, 29 Oct 2013 07:28:14 UTC +00:00], ["description", nil], ["rating", "G"], ["release_date", Wed, 21 Jun 2000 00:00:00 UTC +00:00], ["title", "Chicken Run"], ["updated_at", Tue, 29 Oct 2013 07:28:14 UTC +00:00]]
  [1m[36m (0.5ms)[0m  [1mcommit transaction[0m


Started GET "/movies" for 127.0.0.1 at 2013-10-29 07:28:19 +0000
Processing by MoviesController#index as HTML
  [1m[36mMovie Load (0.7ms)[0m  [1mSELECT "movies".* FROM "movies" [0m
  Rendered movies/index.html.haml within layouts/application (5.4ms)
Completed 200 OK in 54ms (Views: 49.8ms | ActiveRecord: 0.7ms)


Started GET "/assets/jquery.js?body=1" for 127.0.0.1 at 2013-10-29 07:28:19 +0000
Served asset /jquery.js - 304 Not Modified (0ms)


Started GET "/assets/jquery_ujs.js?body=1" for 127.0.0.1 at 2013-10-29 07:28:19 +0000
Served asset /jquery_ujs.js - 304 Not Modified (0ms)


Started GET "/movies" for 127.0.0.1 at 2013-10-29 12:16:09 +0000
Connecting to database specified by database.yml
Processing by MoviesController#index as HTML
  [1m[36mMovie Load (0.5ms)[0m  [1mSELECT "movies".* FROM "movies" [0m
  Rendered movies/index.html.haml within layouts/application (9.1ms)
Completed 200 OK in 43ms (Views: 34.6ms | ActiveRecord: 0.5ms)


Started GET "/assets/jquery_ujs.js?body=1" for 127.0.0.1 at 2013-10-29 12:16:10 +0000
Served asset /jquery_ujs.js - 304 Not Modified (2ms)


Started GET "/assets/jquery.js?body=1" for 127.0.0.1 at 2013-10-29 12:16:10 +0000
Served asset /jquery.js - 304 Not Modified (31ms)


Started GET "/movies" for 127.0.0.1 at 2013-10-29 12:18:07 +0000
Processing by MoviesController#index as HTML
  [1m[35mMovie Load (0.3ms)[0m  SELECT "movies".* FROM "movies" 
  Rendered movies/index.html.haml within layouts/application (7.9ms)
Completed 200 OK in 16ms (Views: 14.2ms | ActiveRecord: 0.3ms)


Started GET "/assets/jquery_ujs.js?body=1" for 127.0.0.1 at 2013-10-29 12:18:07 +0000
Served asset /jquery_ujs.js - 304 Not Modified (0ms)


Started GET "/assets/jquery.js?body=1" for 127.0.0.1 at 2013-10-29 12:18:07 +0000
Served asset /jquery.js - 304 Not Modified (0ms)


Started GET "/movies" for 127.0.0.1 at 2013-10-29 12:20:13 +0000
Processing by MoviesController#index as HTML
  [1m[36mMovie Load (0.2ms)[0m  [1mSELECT "movies".* FROM "movies" [0m
  Rendered movies/index.html.haml within layouts/application (9.4ms)
Completed 200 OK in 14ms (Views: 13.2ms | ActiveRecord: 0.2ms)


Started GET "/assets/jquery_ujs.js?body=1" for 127.0.0.1 at 2013-10-29 12:20:13 +0000
Served asset /jquery_ujs.js - 304 Not Modified (0ms)


Started GET "/assets/jquery.js?body=1" for 127.0.0.1 at 2013-10-29 12:20:13 +0000
Served asset /jquery.js - 304 Not Modified (0ms)


Started GET "/movies" for 127.0.0.1 at 2013-10-29 12:20:37 +0000
Processing by MoviesController#index as HTML
  [1m[35mMovie Load (0.2ms)[0m  SELECT "movies".* FROM "movies" 
  Rendered movies/index.html.haml within layouts/application (6.5ms)
Completed 200 OK in 12ms (Views: 10.4ms | ActiveRecord: 0.2ms)


Started GET "/assets/jquery_ujs.js?body=1" for 127.0.0.1 at 2013-10-29 12:20:37 +0000
Served asset /jquery_ujs.js - 304 Not Modified (0ms)


Started GET "/assets/jquery.js?body=1" for 127.0.0.1 at 2013-10-29 12:20:37 +0000
Served asset /jquery.js - 304 Not Modified (0ms)


Started GET "/movies" for 127.0.0.1 at 2013-10-29 12:21:09 +0000
Processing by MoviesController#index as HTML
  [1m[36mMovie Load (0.3ms)[0m  [1mSELECT "movies".* FROM "movies" [0m
  Rendered movies/index.html.haml within layouts/application (11.1ms)
Completed 200 OK in 20ms (Views: 17.4ms | ActiveRecord: 0.3ms)


Started GET "/assets/jquery.js?body=1" for 127.0.0.1 at 2013-10-29 12:21:09 +0000
Served asset /jquery.js - 304 Not Modified (0ms)


Started GET "/assets/jquery_ujs.js?body=1" for 127.0.0.1 at 2013-10-29 12:21:09 +0000
Served asset /jquery_ujs.js - 304 Not Modified (0ms)


Started GET "/movies" for 127.0.0.1 at 2013-10-29 12:21:13 +0000
Processing by MoviesController#index as HTML
  [1m[35mMovie Load (0.3ms)[0m  SELECT "movies".* FROM "movies" 
  Rendered movies/index.html.haml within layouts/application (3.7ms)
Completed 200 OK in 10ms (Views: 7.6ms | ActiveRecord: 0.3ms)


Started GET "/assets/jquery.js?body=1" for 127.0.0.1 at 2013-10-29 12:21:13 +0000
Served asset /jquery.js - 304 Not Modified (0ms)


Started GET "/assets/jquery_ujs.js?body=1" for 127.0.0.1 at 2013-10-29 12:21:13 +0000
Served asset /jquery_ujs.js - 304 Not Modified (0ms)


Started GET "/movies" for 127.0.0.1 at 2013-10-29 12:21:17 +0000
Processing by MoviesController#index as HTML
  [1m[36mMovie Load (0.2ms)[0m  [1mSELECT "movies".* FROM "movies" [0m
  Rendered movies/index.html.haml within layouts/application (8.2ms)
Completed 200 OK in 14ms (Views: 12.1ms | ActiveRecord: 0.2ms)


Started GET "/assets/jquery.js?body=1" for 127.0.0.1 at 2013-10-29 12:21:17 +0000
Served asset /jquery.js - 304 Not Modified (0ms)


Started GET "/assets/jquery_ujs.js?body=1" for 127.0.0.1 at 2013-10-29 12:21:17 +0000
Served asset /jquery_ujs.js - 304 Not Modified (0ms)


Started GET "/movies" for 127.0.0.1 at 2013-10-29 12:21:19 +0000
Processing by MoviesController#index as HTML
  [1m[35mMovie Load (0.2ms)[0m  SELECT "movies".* FROM "movies" 
  Rendered movies/index.html.haml within layouts/application (3.2ms)
Completed 200 OK in 9ms (Views: 8.0ms | ActiveRecord: 0.2ms)


Started GET "/assets/jquery_ujs.js?body=1" for 127.0.0.1 at 2013-10-29 12:21:19 +0000
Served asset /jquery_ujs.js - 304 Not Modified (0ms)


Started GET "/assets/jquery.js?body=1" for 127.0.0.1 at 2013-10-29 12:21:19 +0000
Served asset /jquery.js - 304 Not Modified (0ms)


Started GET "/movies" for 127.0.0.1 at 2013-10-29 12:21:28 +0000
Processing by MoviesController#index as HTML
  [1m[36mMovie Load (0.2ms)[0m  [1mSELECT "movies".* FROM "movies" [0m
  Rendered movies/index.html.haml within layouts/application (5.7ms)
Completed 200 OK in 11ms (Views: 9.6ms | ActiveRecord: 0.2ms)


Started GET "/assets/jquery_ujs.js?body=1" for 127.0.0.1 at 2013-10-29 12:21:28 +0000
Served asset /jquery_ujs.js - 304 Not Modified (0ms)


Started GET "/assets/jquery.js?body=1" for 127.0.0.1 at 2013-10-29 12:21:28 +0000
Served asset /jquery.js - 304 Not Modified (0ms)


Started GET "/movies" for 127.0.0.1 at 2013-10-29 12:21:35 +0000
Processing by MoviesController#index as HTML
  [1m[35mMovie Load (0.3ms)[0m  SELECT "movies".* FROM "movies" 
  Rendered movies/index.html.haml within layouts/application (4.3ms)
Completed 200 OK in 11ms (Views: 9.0ms | ActiveRecord: 0.3ms)


Started GET "/assets/jquery.js?body=1" for 127.0.0.1 at 2013-10-29 12:21:35 +0000
Served asset /jquery.js - 304 Not Modified (0ms)


Started GET "/assets/jquery_ujs.js?body=1" for 127.0.0.1 at 2013-10-29 12:21:35 +0000
Served asset /jquery_ujs.js - 304 Not Modified (0ms)


Started GET "/movies" for 127.0.0.1 at 2013-10-29 12:24:17 +0000
Processing by MoviesController#index as HTML
  [1m[36mMovie Load (0.2ms)[0m  [1mSELECT "movies".* FROM "movies" [0m
  Rendered movies/index.html.haml within layouts/application (6.1ms)
Completed 200 OK in 12ms (Views: 10.1ms | ActiveRecord: 0.2ms)


Started GET "/assets/jquery.js?body=1" for 127.0.0.1 at 2013-10-29 12:24:17 +0000
Served asset /jquery.js - 304 Not Modified (0ms)


Started GET "/assets/jquery_ujs.js?body=1" for 127.0.0.1 at 2013-10-29 12:24:17 +0000
Served asset /jquery_ujs.js - 304 Not Modified (0ms)


Started GET "/movies?id=release_date_header&sort=release_date" for 127.0.0.1 at 2013-10-29 12:24:25 +0000
Processing by MoviesController#index as HTML
  Parameters: {"id"=>"release_date_header", "sort"=>"release_date"}
  [1m[35mMovie Load (0.2ms)[0m  SELECT "movies".* FROM "movies" 
  Rendered movies/index.html.haml within layouts/application (3.7ms)
Completed 200 OK in 9ms (Views: 7.3ms | ActiveRecord: 0.2ms)


Started GET "/assets/jquery.js?body=1" for 127.0.0.1 at 2013-10-29 12:24:25 +0000
Served asset /jquery.js - 304 Not Modified (0ms)


Started GET "/assets/jquery_ujs.js?body=1" for 127.0.0.1 at 2013-10-29 12:24:25 +0000
Served asset /jquery_ujs.js - 304 Not Modified (0ms)


Started GET "/movies?id=release_date_header&sort=release_date" for 127.0.0.1 at 2013-10-29 12:26:14 +0000
Processing by MoviesController#index as HTML
  Parameters: {"id"=>"release_date_header", "sort"=>"release_date"}
  [1m[36mMovie Load (0.3ms)[0m  [1mSELECT "movies".* FROM "movies" [0m
  Rendered movies/index.html.haml within layouts/application (5.5ms)
Completed 200 OK in 12ms (Views: 10.0ms | ActiveRecord: 0.3ms)


Started GET "/assets/jquery_ujs.js?body=1" for 127.0.0.1 at 2013-10-29 12:26:14 +0000
Served asset /jquery_ujs.js - 304 Not Modified (0ms)


Started GET "/assets/jquery.js?body=1" for 127.0.0.1 at 2013-10-29 12:26:14 +0000
Served asset /jquery.js - 304 Not Modified (0ms)
